<?xml version="1.0" encoding="UTF-8"?>
<robot generator="Robot 7.0 (Python 3.12.1 on win32)" generated="2024-01-28T05:04:33.033516" rpa="false" schemaversion="5">
<suite id="s1" name="Walkdog-Robot" source="C:\QAx\projects\walkdog-robot">
<suite id="s1-s1" name="Hello" source="C:\QAx\projects\walkdog-robot\hello.robot">
<test id="s1-s1-t1" name="Deve mostrar uma mensagem de boas vindas" line="5">
<kw name="Log To Console" owner="BuiltIn">
<arg>Hello Robot</arg>
<doc>Logs the given message to the console.</doc>
<status status="PASS" start="2024-01-28T05:04:33.078677" elapsed="0.001073"/>
</kw>
<status status="PASS" start="2024-01-28T05:04:33.077388" elapsed="0.003366"/>
</test>
<doc>Meu primeiro teste em Robot Framework</doc>
<status status="PASS" start="2024-01-28T05:04:33.073788" elapsed="0.007966"/>
</suite>
<status status="PASS" start="2024-01-28T05:04:33.048737" elapsed="0.035017"/>
</suite>
<statistics>
<total>
<stat pass="1" fail="0" skip="0">All Tests</stat>
</total>
<tag>
</tag>
<suite>
<stat pass="1" fail="0" skip="0" id="s1" name="Walkdog-Robot">Walkdog-Robot</stat>
<stat pass="1" fail="0" skip="0" id="s1-s1" name="Hello">Walkdog-Robot.Hello</stat>
</suite>
</statistics>
<errors>
</errors>
</robot>
